<?xml version="1.0" encoding="UTF-8"?>
<!-- Generated by org.testng.reporters.JUnitReportReporter -->
<testsuite hostname="Nistozs-MacBook-Pro-II.local" failures="0" tests="1" name="testCases.ReadOneProduct" time="1.867" errors="0" timestamp="19 Aug 2023 17:40:22 GMT" skipped="0">
  <testcase classname="testCases.ReadOneProduct" name="readOneProduct" time="1.867"/>
</testsuite> <!-- testCases.ReadOneProduct -->
