<?xml version="1.0" encoding="UTF-8"?>
<!-- Generated by org.testng.reporters.JUnitReportReporter -->
<testsuite hostname="Nistozs-MacBook-Pro-II.local" failures="0" tests="2" name="testCases.DeleteOneProduct" time="2.877" errors="0" timestamp="19 Aug 2023 23:59:50 GMT" skipped="0">
  <testcase classname="testCases.DeleteOneProduct" name="deleteOneProduct" time="2.617"/>
  <testcase classname="testCases.DeleteOneProduct" name="readDeletedProductAndCompareDetails" time="0.260"/>
</testsuite> <!-- testCases.DeleteOneProduct -->
