<?xml version="1.0" encoding="UTF-8"?>
<!-- Generated by org.testng.reporters.JUnitReportReporter -->
<testsuite hostname="Nistozs-MacBook-Pro-II.local" failures="0" tests="3" name="testCases.CreateOneProduct" time="4.368" errors="0" timestamp="19 Aug 2023 22:16:39 GMT" skipped="0">
  <testcase classname="testCases.CreateOneProduct" name="createOneProduct" time="1.830"/>
  <testcase classname="testCases.CreateOneProduct" name="readAllProducts" time="0.646"/>
  <testcase classname="testCases.CreateOneProduct" name="readOneProductAndComparingDetails" time="1.892"/>
</testsuite> <!-- testCases.CreateOneProduct -->
