<?xml version="1.0" encoding="UTF-8"?>
<!-- Generated by org.testng.reporters.JUnitReportReporter -->
<testsuite hostname="Nistozs-MacBook-Pro-II.local" failures="0" tests="2" name="testCases.UpdateOneProduct" time="3.058" errors="0" timestamp="19 Aug 2023 23:15:17 GMT" skipped="0">
  <testcase classname="testCases.UpdateOneProduct" name="updateOneProductUsingPayload" time="2.500"/>
  <testcase classname="testCases.UpdateOneProduct" name="readOneProductAndCompareDetails" time="0.558"/>
</testsuite> <!-- testCases.UpdateOneProduct -->
