<?xml version="1.0" encoding="UTF-8"?>
<!-- Generated by org.testng.reporters.JUnitReportReporter -->
<testsuite hostname="Nistozs-MacBook-Pro-II.local" failures="0" tests="3" name="testCases.CreateOneProductWithPayloadAsMap" time="4.565" errors="0" timestamp="19 Aug 2023 22:24:36 GMT" skipped="0">
  <testcase classname="testCases.CreateOneProductWithPayloadAsMap" name="createOneProduct" time="3.452"/>
  <testcase classname="testCases.CreateOneProductWithPayloadAsMap" name="readAllProducts" time="0.670"/>
  <testcase classname="testCases.CreateOneProductWithPayloadAsMap" name="readOneProductAndCompareDetails" time="0.443"/>
</testsuite> <!-- testCases.CreateOneProductWithPayloadAsMap -->
