<?xml version="1.0" encoding="UTF-8"?>
<!-- Generated by org.testng.reporters.JUnitReportReporter -->
<testsuite hostname="Nistozs-MacBook-Pro-II.local" failures="0" tests="1" name="testCases.ReadAllProducts" time="2.232" errors="0" timestamp="19 Aug 2023 15:59:17 GMT" skipped="0">
  <testcase classname="testCases.ReadAllProducts" name="readAllProducts" time="2.232"/>
</testsuite> <!-- testCases.ReadAllProducts -->
